<?xml version="1.0" encoding="UTF-8"?>
<!-- Generated by org.testng.reporters.JUnitXMLReporter -->
<testsuite ignored="1" hostname="DESKTOP-6GFANEB" failures="0" tests="1" name="Default test" time="23.37" errors="0" timestamp="2024-03-11T07:40:20 IST">
  <testcase classname="Tests.nopCommerce_RegistrationTest" name="RegistrationWithValidDetailsTest" time="5.291"/>
  <testcase classname="Tests.nopCommerce_RegistrationTest" name="RegistrationWithAlreadyExitsEmailTest" time="0.0">
    <ignored/>
  </testcase> <!-- RegistrationWithAlreadyExitsEmailTest -->
</testsuite> <!-- Default test -->
